{"message":"infolevel 로깅","level":"info","timestamp":"2019-05-23 11:16:02"}
{"message":"봇 시작","level":"info","timestamp":"2019-05-23 11:16:02"}
{"message":"infolevel 로깅","level":"info","timestamp":"2019-05-23 11:16:46"}
{"message":"봇 시작","level":"info","timestamp":"2019-05-23 11:16:46"}
{"message":"infolevel 로깅","level":"info","timestamp":"2019-05-23 11:18:09"}
{"message":"봇 시작","level":"info","timestamp":"2019-05-23 11:18:10"}
{"message":"infolevel 로깅","level":"info","timestamp":"2019-05-23 11:20:46"}
{"message":"봇 시작","level":"info","timestamp":"2019-05-23 11:20:46"}
{"message":"infolevel 로깅","level":"info","timestamp":"2019-05-23 11:21:26"}
{"message":"봇 시작","level":"info","timestamp":"2019-05-23 11:21:26"}
{"message":"infolevel 로깅","level":"info","timestamp":"2019-05-23 11:22:33"}
{"message":"봇 시작","level":"info","timestamp":"2019-05-23 11:22:33"}
{"message":"infolevel 로깅","level":"info","timestamp":"2019-05-23 11:24:26"}
{"message":"봇 시작","level":"info","timestamp":"2019-05-23 11:24:27"}
{"message":"infolevel 로깅","level":"info","timestamp":"2019-05-23 11:25:19"}
{"message":"봇 시작","level":"info","timestamp":"2019-05-23 11:25:19"}
{"message":"infolevel 로깅","level":"info","timestamp":"2019-05-23 11:26:46"}
{"message":"봇 시작","level":"info","timestamp":"2019-05-23 11:26:46"}
{"message":"infolevel 로깅","level":"info","timestamp":"2019-05-23 11:27:38"}
{"message":"봇 시작","level":"info","timestamp":"2019-05-23 11:27:38"}
{"message":"infolevel 로깅","level":"info","timestamp":"2019-05-23 11:27:57"}
{"message":"봇 시작","level":"info","timestamp":"2019-05-23 11:27:57"}
{"message":"infolevel 로깅","level":"info","timestamp":"2019-05-23 11:28:57"}
{"message":"봇 시작","level":"info","timestamp":"2019-05-23 11:28:57"}
{"message":"infolevel 로깅","level":"info","timestamp":"2019-05-23 11:30:08"}
{"message":"봇 시작","level":"info","timestamp":"2019-05-23 11:30:08"}
{"level":"error","message":"알수없는 액션Cannot read property 'start' of undefined","stack":"TypeError: Cannot read property 'start' of undefined\n    at TelegramHandler.messageSubscribe (/Users/joonwookim/Projects/notification-projects/naver-news-notification/src/handlers/TelegramHandler.js:68:27)\n    at TelegramBot.TelegramHandler.bot.on (/Users/joonwookim/Projects/notification-projects/naver-news-notification/src/handlers/TelegramHandler.js:18:51)\n    at TelegramBot.emit (/Users/joonwookim/Projects/notification-projects/naver-news-notification/node_modules/eventemitter3/index.js:182:35)\n    at TelegramBot.processUpdate (/Users/joonwookim/Projects/notification-projects/naver-news-notification/node_modules/node-telegram-bot-api/src/telegram.js:594:12)\n    at updates.forEach.update (/Users/joonwookim/Projects/notification-projects/naver-news-notification/node_modules/node-telegram-bot-api/src/telegramPolling.js:110:22)\n    at Array.forEach (<anonymous>)\n    at _lastRequest._getUpdates.then.updates (/Users/joonwookim/Projects/notification-projects/naver-news-notification/node_modules/node-telegram-bot-api/src/telegramPolling.js:106:17)\n    at tryCatcher (/Users/joonwookim/Projects/notification-projects/naver-news-notification/node_modules/bluebird/js/release/util.js:16:23)\n    at Promise._settlePromiseFromHandler (/Users/joonwookim/Projects/notification-projects/naver-news-notification/node_modules/bluebird/js/release/promise.js:512:31)\n    at Promise._settlePromise (/Users/joonwookim/Projects/notification-projects/naver-news-notification/node_modules/bluebird/js/release/promise.js:569:18)\n    at Promise._settlePromise0 (/Users/joonwookim/Projects/notification-projects/naver-news-notification/node_modules/bluebird/js/release/promise.js:614:10)\n    at Promise._settlePromises (/Users/joonwookim/Projects/notification-projects/naver-news-notification/node_modules/bluebird/js/release/promise.js:694:18)\n    at _drainQueueStep (/Users/joonwookim/Projects/notification-projects/naver-news-notification/node_modules/bluebird/js/release/async.js:138:12)\n    at _drainQueue (/Users/joonwookim/Projects/notification-projects/naver-news-notification/node_modules/bluebird/js/release/async.js:131:9)\n    at Async._drainQueues (/Users/joonwookim/Projects/notification-projects/naver-news-notification/node_modules/bluebird/js/release/async.js:147:5)\n    at Immediate.Async.drainQueues [as _onImmediate] (/Users/joonwookim/Projects/notification-projects/naver-news-notification/node_modules/bluebird/js/release/async.js:17:14)\n    at runCallback (timers.js:705:18)\n    at tryOnImmediate (timers.js:676:5)\n    at processImmediate (timers.js:658:5)","timestamp":"2019-05-23 11:30:12"}
{"message":"infolevel 로깅","level":"info","timestamp":"2019-05-23 11:30:40"}
{"message":"봇 시작","level":"info","timestamp":"2019-05-23 11:30:41"}
{"message":"infolevel 로깅","level":"info","timestamp":"2019-05-23 11:34:20"}
{"message":"봇 시작","level":"info","timestamp":"2019-05-23 11:34:20"}
{"message":"infolevel 로깅","level":"info","timestamp":"2019-05-23 11:37:59"}
{"message":"봇 시작","level":"info","timestamp":"2019-05-23 11:37:59"}
{"message":"infolevel 로깅","level":"info","timestamp":"2019-05-23 11:38:56"}
{"message":"봇 시작","level":"info","timestamp":"2019-05-23 11:38:56"}
{"message":"infolevel 로깅","level":"info","timestamp":"2019-05-23 11:39:29"}
{"message":"봇 시작","level":"info","timestamp":"2019-05-23 11:39:29"}
{"message":"infolevel 로깅","level":"info","timestamp":"2019-05-23 11:40:00"}
{"message":"봇 시작","level":"info","timestamp":"2019-05-23 11:40:00"}
{"message":"infolevel 로깅","level":"info","timestamp":"2019-05-23 11:40:19"}
{"message":"봇 시작","level":"info","timestamp":"2019-05-23 11:40:19"}
{"level":"error","message":"알수없는 액션Cannot read property 'chatIds' of undefined","stack":"TypeError: Cannot read property 'chatIds' of undefined\n    at MessageHandler.login (/Users/joonwookim/Projects/notification-projects/naver-news-notification/src/handlers/MessageHandler.js:23:20)\n    at TelegramHandler.messageSubscribe (/Users/joonwookim/Projects/notification-projects/naver-news-notification/src/handlers/TelegramHandler.js:68:40)\n    at TelegramBot.TelegramHandler.bot.on (/Users/joonwookim/Projects/notification-projects/naver-news-notification/src/handlers/TelegramHandler.js:18:51)\n    at TelegramBot.emit (/Users/joonwookim/Projects/notification-projects/naver-news-notification/node_modules/eventemitter3/index.js:182:35)\n    at TelegramBot.processUpdate (/Users/joonwookim/Projects/notification-projects/naver-news-notification/node_modules/node-telegram-bot-api/src/telegram.js:594:12)\n    at updates.forEach.update (/Users/joonwookim/Projects/notification-projects/naver-news-notification/node_modules/node-telegram-bot-api/src/telegramPolling.js:110:22)\n    at Array.forEach (<anonymous>)\n    at _lastRequest._getUpdates.then.updates (/Users/joonwookim/Projects/notification-projects/naver-news-notification/node_modules/node-telegram-bot-api/src/telegramPolling.js:106:17)\n    at tryCatcher (/Users/joonwookim/Projects/notification-projects/naver-news-notification/node_modules/bluebird/js/release/util.js:16:23)\n    at Promise._settlePromiseFromHandler (/Users/joonwookim/Projects/notification-projects/naver-news-notification/node_modules/bluebird/js/release/promise.js:512:31)\n    at Promise._settlePromise (/Users/joonwookim/Projects/notification-projects/naver-news-notification/node_modules/bluebird/js/release/promise.js:569:18)\n    at Promise._settlePromise0 (/Users/joonwookim/Projects/notification-projects/naver-news-notification/node_modules/bluebird/js/release/promise.js:614:10)\n    at Promise._settlePromises (/Users/joonwookim/Projects/notification-projects/naver-news-notification/node_modules/bluebird/js/release/promise.js:694:18)\n    at _drainQueueStep (/Users/joonwookim/Projects/notification-projects/naver-news-notification/node_modules/bluebird/js/release/async.js:138:12)\n    at _drainQueue (/Users/joonwookim/Projects/notification-projects/naver-news-notification/node_modules/bluebird/js/release/async.js:131:9)\n    at Async._drainQueues (/Users/joonwookim/Projects/notification-projects/naver-news-notification/node_modules/bluebird/js/release/async.js:147:5)\n    at Immediate.Async.drainQueues [as _onImmediate] (/Users/joonwookim/Projects/notification-projects/naver-news-notification/node_modules/bluebird/js/release/async.js:17:14)\n    at runCallback (timers.js:705:18)\n    at tryOnImmediate (timers.js:676:5)\n    at processImmediate (timers.js:658:5)","timestamp":"2019-05-23 11:40:24"}
{"message":"infolevel 로깅","level":"info","timestamp":"2019-05-23 11:42:15"}
{"message":"봇 시작","level":"info","timestamp":"2019-05-23 11:42:15"}
{"level":"error","message":"알수없는 액션CacheMananger is not defined","stack":"ReferenceError: CacheMananger is not defined\n    at MessageHandler.login (/Users/joonwookim/Projects/notification-projects/naver-news-notification/src/handlers/MessageHandler.js:23:9)\n    at TelegramHandler.messageSubscribe (/Users/joonwookim/Projects/notification-projects/naver-news-notification/src/handlers/TelegramHandler.js:68:40)\n    at TelegramBot.TelegramHandler.bot.on (/Users/joonwookim/Projects/notification-projects/naver-news-notification/src/handlers/TelegramHandler.js:18:51)\n    at TelegramBot.emit (/Users/joonwookim/Projects/notification-projects/naver-news-notification/node_modules/eventemitter3/index.js:182:35)\n    at TelegramBot.processUpdate (/Users/joonwookim/Projects/notification-projects/naver-news-notification/node_modules/node-telegram-bot-api/src/telegram.js:594:12)\n    at updates.forEach.update (/Users/joonwookim/Projects/notification-projects/naver-news-notification/node_modules/node-telegram-bot-api/src/telegramPolling.js:110:22)\n    at Array.forEach (<anonymous>)\n    at _lastRequest._getUpdates.then.updates (/Users/joonwookim/Projects/notification-projects/naver-news-notification/node_modules/node-telegram-bot-api/src/telegramPolling.js:106:17)\n    at tryCatcher (/Users/joonwookim/Projects/notification-projects/naver-news-notification/node_modules/bluebird/js/release/util.js:16:23)\n    at Promise._settlePromiseFromHandler (/Users/joonwookim/Projects/notification-projects/naver-news-notification/node_modules/bluebird/js/release/promise.js:512:31)\n    at Promise._settlePromise (/Users/joonwookim/Projects/notification-projects/naver-news-notification/node_modules/bluebird/js/release/promise.js:569:18)\n    at Promise._settlePromise0 (/Users/joonwookim/Projects/notification-projects/naver-news-notification/node_modules/bluebird/js/release/promise.js:614:10)\n    at Promise._settlePromises (/Users/joonwookim/Projects/notification-projects/naver-news-notification/node_modules/bluebird/js/release/promise.js:694:18)\n    at _drainQueueStep (/Users/joonwookim/Projects/notification-projects/naver-news-notification/node_modules/bluebird/js/release/async.js:138:12)\n    at _drainQueue (/Users/joonwookim/Projects/notification-projects/naver-news-notification/node_modules/bluebird/js/release/async.js:131:9)\n    at Async._drainQueues (/Users/joonwookim/Projects/notification-projects/naver-news-notification/node_modules/bluebird/js/release/async.js:147:5)\n    at Immediate.Async.drainQueues [as _onImmediate] (/Users/joonwookim/Projects/notification-projects/naver-news-notification/node_modules/bluebird/js/release/async.js:17:14)\n    at runCallback (timers.js:705:18)\n    at tryOnImmediate (timers.js:676:5)\n    at processImmediate (timers.js:658:5)","timestamp":"2019-05-23 11:42:19"}
{"message":"infolevel 로깅","level":"info","timestamp":"2019-05-23 11:44:01"}
{"message":"봇 시작","level":"info","timestamp":"2019-05-23 11:44:02"}
{"level":"error","message":"알수없는 액션newChatId is not defined","stack":"ReferenceError: newChatId is not defined\n    at TelegramHandler.addChatId (/Users/joonwookim/Projects/notification-projects/naver-news-notification/src/handlers/TelegramHandler.js:49:28)\n    at MessageHandler.login (/Users/joonwookim/Projects/notification-projects/naver-news-notification/src/handlers/MessageHandler.js:22:30)\n    at TelegramHandler.messageSubscribe (/Users/joonwookim/Projects/notification-projects/naver-news-notification/src/handlers/TelegramHandler.js:73:40)\n    at TelegramBot.TelegramHandler.bot.on (/Users/joonwookim/Projects/notification-projects/naver-news-notification/src/handlers/TelegramHandler.js:18:51)\n    at TelegramBot.emit (/Users/joonwookim/Projects/notification-projects/naver-news-notification/node_modules/eventemitter3/index.js:182:35)\n    at TelegramBot.processUpdate (/Users/joonwookim/Projects/notification-projects/naver-news-notification/node_modules/node-telegram-bot-api/src/telegram.js:594:12)\n    at updates.forEach.update (/Users/joonwookim/Projects/notification-projects/naver-news-notification/node_modules/node-telegram-bot-api/src/telegramPolling.js:110:22)\n    at Array.forEach (<anonymous>)\n    at _lastRequest._getUpdates.then.updates (/Users/joonwookim/Projects/notification-projects/naver-news-notification/node_modules/node-telegram-bot-api/src/telegramPolling.js:106:17)\n    at tryCatcher (/Users/joonwookim/Projects/notification-projects/naver-news-notification/node_modules/bluebird/js/release/util.js:16:23)\n    at Promise._settlePromiseFromHandler (/Users/joonwookim/Projects/notification-projects/naver-news-notification/node_modules/bluebird/js/release/promise.js:512:31)\n    at Promise._settlePromise (/Users/joonwookim/Projects/notification-projects/naver-news-notification/node_modules/bluebird/js/release/promise.js:569:18)\n    at Promise._settlePromise0 (/Users/joonwookim/Projects/notification-projects/naver-news-notification/node_modules/bluebird/js/release/promise.js:614:10)\n    at Promise._settlePromises (/Users/joonwookim/Projects/notification-projects/naver-news-notification/node_modules/bluebird/js/release/promise.js:694:18)\n    at _drainQueueStep (/Users/joonwookim/Projects/notification-projects/naver-news-notification/node_modules/bluebird/js/release/async.js:138:12)\n    at _drainQueue (/Users/joonwookim/Projects/notification-projects/naver-news-notification/node_modules/bluebird/js/release/async.js:131:9)\n    at Async._drainQueues (/Users/joonwookim/Projects/notification-projects/naver-news-notification/node_modules/bluebird/js/release/async.js:147:5)\n    at Immediate.Async.drainQueues [as _onImmediate] (/Users/joonwookim/Projects/notification-projects/naver-news-notification/node_modules/bluebird/js/release/async.js:17:14)\n    at runCallback (timers.js:705:18)\n    at tryOnImmediate (timers.js:676:5)\n    at processImmediate (timers.js:658:5)","timestamp":"2019-05-23 11:44:05"}
{"message":"infolevel 로깅","level":"info","timestamp":"2019-05-23 11:44:20"}
{"message":"봇 시작","level":"info","timestamp":"2019-05-23 11:44:21"}
{"message":"infolevel 로깅","level":"info","timestamp":"2019-05-23 11:56:36"}
{"message":"봇 시작","level":"info","timestamp":"2019-05-23 11:56:36"}
{"message":"infolevel 로깅","level":"info","timestamp":"2019-05-23 11:59:45"}
{"message":"봇 시작","level":"info","timestamp":"2019-05-23 11:59:46"}
{"message":"infolevel 로깅","level":"info","timestamp":"2019-05-23 12:00:44"}
{"message":"봇 시작","level":"info","timestamp":"2019-05-23 12:00:44"}
{"message":"infolevel 로깅","level":"info","timestamp":"2019-05-23 12:02:01"}
{"message":"봇 시작","level":"info","timestamp":"2019-05-23 12:02:01"}
{"message":"infolevel 로깅","level":"info","timestamp":"2019-05-23 12:12:25"}
{"message":"봇 시작","level":"info","timestamp":"2019-05-23 12:12:25"}
{"level":"error","message":"알수없는 액션chatId is not defined","stack":"ReferenceError: chatId is not defined\n    at MessageHandler.get (/Users/joonwookim/Projects/notification-projects/naver-news-notification/src/handlers/MessageHandler.js:71:46)\n    at TelegramHandler.messageSubscribe (/Users/joonwookim/Projects/notification-projects/naver-news-notification/src/handlers/TelegramHandler.js:76:40)\n    at TelegramBot.TelegramHandler.bot.on (/Users/joonwookim/Projects/notification-projects/naver-news-notification/src/handlers/TelegramHandler.js:18:51)\n    at TelegramBot.emit (/Users/joonwookim/Projects/notification-projects/naver-news-notification/node_modules/eventemitter3/index.js:182:35)\n    at TelegramBot.processUpdate (/Users/joonwookim/Projects/notification-projects/naver-news-notification/node_modules/node-telegram-bot-api/src/telegram.js:594:12)\n    at updates.forEach.update (/Users/joonwookim/Projects/notification-projects/naver-news-notification/node_modules/node-telegram-bot-api/src/telegramPolling.js:110:22)\n    at Array.forEach (<anonymous>)\n    at _lastRequest._getUpdates.then.updates (/Users/joonwookim/Projects/notification-projects/naver-news-notification/node_modules/node-telegram-bot-api/src/telegramPolling.js:106:17)\n    at tryCatcher (/Users/joonwookim/Projects/notification-projects/naver-news-notification/node_modules/bluebird/js/release/util.js:16:23)\n    at Promise._settlePromiseFromHandler (/Users/joonwookim/Projects/notification-projects/naver-news-notification/node_modules/bluebird/js/release/promise.js:512:31)\n    at Promise._settlePromise (/Users/joonwookim/Projects/notification-projects/naver-news-notification/node_modules/bluebird/js/release/promise.js:569:18)\n    at Promise._settlePromise0 (/Users/joonwookim/Projects/notification-projects/naver-news-notification/node_modules/bluebird/js/release/promise.js:614:10)\n    at Promise._settlePromises (/Users/joonwookim/Projects/notification-projects/naver-news-notification/node_modules/bluebird/js/release/promise.js:694:18)\n    at _drainQueueStep (/Users/joonwookim/Projects/notification-projects/naver-news-notification/node_modules/bluebird/js/release/async.js:138:12)\n    at _drainQueue (/Users/joonwookim/Projects/notification-projects/naver-news-notification/node_modules/bluebird/js/release/async.js:131:9)\n    at Async._drainQueues (/Users/joonwookim/Projects/notification-projects/naver-news-notification/node_modules/bluebird/js/release/async.js:147:5)\n    at Immediate.Async.drainQueues [as _onImmediate] (/Users/joonwookim/Projects/notification-projects/naver-news-notification/node_modules/bluebird/js/release/async.js:17:14)\n    at runCallback (timers.js:705:18)\n    at tryOnImmediate (timers.js:676:5)\n    at processImmediate (timers.js:658:5)","timestamp":"2019-05-23 12:12:28"}
{"message":"infolevel 로깅","level":"info","timestamp":"2019-05-23 12:13:07"}
{"message":"봇 시작","level":"info","timestamp":"2019-05-23 12:13:08"}
{"message":"infolevel 로깅","level":"info","timestamp":"2019-05-23 12:14:10"}
{"message":"봇 시작","level":"info","timestamp":"2019-05-23 12:14:11"}
{"message":"infolevel 로깅","level":"info","timestamp":"2019-05-23 12:18:45"}
{"message":"봇 시작","level":"info","timestamp":"2019-05-23 12:18:45"}
{"message":"비트코인 검색 시작.","level":"info","timestamp":"2019-05-23 12:18:45"}
{"message":"날씨 검색 시작.","level":"info","timestamp":"2019-05-23 12:18:45"}
{"message":"infolevel 로깅","level":"info","timestamp":"2019-05-23 12:20:19"}
{"message":"봇 시작","level":"info","timestamp":"2019-05-23 12:20:19"}
{"message":"비트코인 검색 시작.","level":"info","timestamp":"2019-05-23 12:20:19"}
{"message":"날씨 검색 시작.","level":"info","timestamp":"2019-05-23 12:20:19"}
{"message":"infolevel 로깅","level":"info","timestamp":"2019-05-23 12:23:42"}
{"message":"봇 시작","level":"info","timestamp":"2019-05-23 12:23:42"}
{"message":"펭귄 검색 시작.","level":"info","timestamp":"2019-05-23 12:23:42"}
