{"message":"infolevel 로깅","level":"info","timestamp":"2019-04-17 11:07:01"}
{"message":"봇 시작","level":"info","timestamp":"2019-04-17 11:07:02"}
{"message":"infolevel 로깅","level":"info","timestamp":"2019-04-17 11:07:25"}
{"message":"infolevel 로깅","level":"info","timestamp":"2019-04-17 11:10:12"}
{"message":"infolevel 로깅","level":"info","timestamp":"2019-04-17 11:10:44"}
{"message":"봇 시작","level":"info","timestamp":"2019-04-17 11:13:37"}
{"message":"봇 시작","level":"info","timestamp":"2019-04-17 11:14:40"}
{"message":"봇 시작","level":"info","timestamp":"2019-04-17 11:20:06"}
{"level":"error","timestamp":"2019-04-17 11:20:08"}
{"message":"봇 시작","level":"info","timestamp":"2019-04-17 11:22:46"}
{"message":"봇 시작","level":"info","timestamp":"2019-04-17 11:23:16"}
{"name":"NoSuchElementError","remoteStacktrace":"","level":"error","timestamp":"2019-04-17 11:23:27"}
{"name":"NoSuchElementError","remoteStacktrace":"","level":"error","timestamp":"2019-04-17 11:23:28"}
{"name":"NoSuchElementError","remoteStacktrace":"","level":"error","timestamp":"2019-04-17 11:23:28"}
{"name":"NoSuchElementError","remoteStacktrace":"","level":"error","timestamp":"2019-04-17 11:23:29"}
{"name":"NoSuchElementError","remoteStacktrace":"","level":"error","timestamp":"2019-04-17 11:23:30"}
{"name":"NoSuchElementError","remoteStacktrace":"","level":"error","timestamp":"2019-04-17 11:23:31"}
{"name":"NoSuchElementError","remoteStacktrace":"","level":"error","timestamp":"2019-04-17 11:23:32"}
{"name":"NoSuchElementError","remoteStacktrace":"","level":"error","timestamp":"2019-04-17 11:23:33"}
{"name":"NoSuchElementError","remoteStacktrace":"","level":"error","timestamp":"2019-04-17 11:23:33"}
{"name":"NoSuchElementError","remoteStacktrace":"","level":"error","timestamp":"2019-04-17 11:23:35"}
{"name":"NoSuchElementError","remoteStacktrace":"","level":"error","timestamp":"2019-04-17 11:23:36"}
{"name":"NoSuchElementError","remoteStacktrace":"","level":"error","timestamp":"2019-04-17 11:23:36"}
{"name":"NoSuchElementError","remoteStacktrace":"","level":"error","timestamp":"2019-04-17 11:23:37"}
{"message":"봇 시작","level":"info","timestamp":"2019-04-17 11:25:13"}
{"message":"봇 시작","level":"info","timestamp":"2019-04-17 11:25:54"}
{"name":"NoSuchFrameError","remoteStacktrace":"","level":"error","timestamp":"2019-04-17 11:25:55"}
